Copyright 1986-2022 Xilinx, Inc. All Rights Reserved. Copyright 2022-2025 Advanced Micro Devices, Inc. All Rights Reserved.
---------------------------------------------------------------------------------------------------------------------------------------------
| Tool Version : Vivado v.2025.1 (win64) Build 6140274 Thu May 22 00:12:29 MDT 2025
| Date         : Fri Nov 21 15:30:31 2025
| Host         : Edidiongs-Asus-Laptop running 64-bit major release  (build 9200)
| Command      : report_control_sets -verbose -file BallBeamTop_control_sets_placed.rpt
| Design       : BallBeamTop
| Device       : xc7a100t
---------------------------------------------------------------------------------------------------------------------------------------------

Control Set Information

Table of Contents
-----------------
1. Summary
2. Histogram
3. Flip-Flop Distribution
4. Detailed Control Set Information

1. Summary
----------

+----------------------------------------------------------+-------+
|                          Status                          | Count |
+----------------------------------------------------------+-------+
| Total control sets                                       |    11 |
|    Minimum number of control sets                        |    11 |
|    Addition due to synthesis replication                 |     0 |
|    Addition due to physical synthesis replication        |     0 |
| Unused register locations in slices containing registers |    24 |
+----------------------------------------------------------+-------+
* Control sets can be merged at opt_design using control_set_merge or merge_equivalent_drivers
** Run report_qor_suggestions for automated merging and remapping suggestions


2. Histogram
------------

+--------------------+-------+
|       Fanout       | Count |
+--------------------+-------+
| Total control sets |    11 |
| >= 0 to < 4        |     1 |
| >= 4 to < 6        |     2 |
| >= 6 to < 8        |     1 |
| >= 8 to < 10       |     1 |
| >= 10 to < 12      |     0 |
| >= 12 to < 14      |     1 |
| >= 14 to < 16      |     0 |
| >= 16              |     5 |
+--------------------+-------+
* Control sets can be remapped at either synth_design or opt_design


3. Flip-Flop Distribution
-------------------------

+--------------+-----------------------+------------------------+-----------------+--------------+
| Clock Enable | Synchronous Set/Reset | Asynchronous Set/Reset | Total Registers | Total Slices |
+--------------+-----------------------+------------------------+-----------------+--------------+
| No           | No                    | No                     |              11 |            7 |
| No           | No                    | Yes                    |               0 |            0 |
| No           | Yes                   | No                     |             108 |           31 |
| Yes          | No                    | No                     |              32 |            8 |
| Yes          | No                    | Yes                    |               0 |            0 |
| Yes          | Yes                   | No                     |              33 |            9 |
+--------------+-----------------------+------------------------+-----------------+--------------+


4. Detailed Control Set Information
-----------------------------------

+----------------------------+--------------------------------+----------------------------------------+------------------+----------------+--------------+
|        Clock Signal        |          Enable Signal         |            Set/Reset Signal            | Slice Load Count | Bel Load Count | Bels / Slice |
+----------------------------+--------------------------------+----------------------------------------+------------------+----------------+--------------+
|  clk100_IBUF_BUFG          | reader/trig_out_i_1_n_0        | reader/counter0                        |                1 |              1 |         1.00 |
|  display/divider/New_Clock |                                | display/Digit                          |                1 |              4 |         4.00 |
|  clk100_IBUF_BUFG          |                                |                                        |                2 |              4 |         2.00 |
|  display/divider/New_Clock |                                |                                        |                5 |              7 |         1.40 |
|  clk100_IBUF_BUFG          |                                | nolabel_line25/servo_input1            |                3 |              8 |         2.67 |
|  clk100_IBUF_BUFG          |                                | nolabel_line25/servo_input[19]_i_1_n_0 |                5 |             12 |         2.40 |
|  clk100_IBUF_BUFG          |                                | servo/p_0_in                           |                6 |             20 |         3.33 |
|  clk100_IBUF_BUFG          |                                | display/divider/New_Clock_0            |                8 |             32 |         4.00 |
|  clk100_IBUF_BUFG          |                                | reader/counter0                        |                8 |             32 |         4.00 |
|  clk100_IBUF_BUFG          | reader/echo_pulse_time         | reader/counter0                        |                8 |             32 |         4.00 |
|  clk100_IBUF_BUFG          | reader/echo_period[31]_i_1_n_0 |                                        |                8 |             32 |         4.00 |
+----------------------------+--------------------------------+----------------------------------------+------------------+----------------+--------------+


